============================================================
DOWNLOAD DE PDFs - INICIADO
2026-03-16 08:18:11
============================================================

📋 IDs para processar: 18
   • MANTA-30472
   • MANTA-30641
   • MANTA-30403
   • MANTA-30601
   • MANTA-30598
   • MANTA-30084
   • MANTA-30773
   • MANTA-29082
   • MANTA-30678
   • MANTA-30400
   • MANTA-29744
   • MANTA-29969
   • MANTA-30096
   • MANTA-29934
   • MANTA-29849
   • MANTA-30793
   • MANTA-30802
   • MANTA-30775

🚀 Iniciando downloads...
============================================================

✅ Card MANTA-30472 (OS 30885): 30885.pdf - 1.01 MB
✅ Card MANTA-30641 (OS 31046): 31046.pdf - 0.91 MB
✅ Card MANTA-30403 (OS 30816): 30816.pdf - 0.87 MB
✅ Card MANTA-30601 (OS 31007): 31007.pdf - 0.89 MB
✅ Card MANTA-30598 (OS 31004): 31004.pdf - 0.88 MB
✅ Card MANTA-30084 (OS 30541): 30541.pdf - 0.85 MB
✅ Card MANTA-30773 (OS 31166): 31166.pdf - 0.87 MB
✅ Card MANTA-29082 (OS 29649): 29649.pdf - 0.89 MB
✅ Card MANTA-30678 (OS 31081): 31081.pdf - 0.76 MB
✅ Card MANTA-30400 (OS 30813): 30813.pdf - 0.91 MB
✅ Card MANTA-29744 (OS 30239): 30239.pdf - 0.92 MB
✅ Card MANTA-29969 (OS 30434): 30434.pdf - 0.88 MB
✅ Card MANTA-30096 (OS 30553): 30553.pdf - 0.89 MB
✅ Card MANTA-29934 (OS 30401): 30401.pdf - 0.87 MB
✅ Card MANTA-29849 (OS 30330): 30330.pdf - 0.87 MB
✅ Card MANTA-30793 (OS 31178): 31178.pdf - 0.86 MB
✅ Card MANTA-30802 (OS 31186): 31186.pdf - 0.79 MB
✅ Card MANTA-30775 (OS 31168): 31168.pdf - 0.91 MB

============================================================
CONCLUÍDO - 2026-03-16 08:19:17
============================================================
✅ Baixados: 18/18
💾 Total: 15.86 MB
📁 Pasta PDFs: C:\Users\guarino.silva\Documents\Maestro\src\downloads_ops\pdfs
📦 ZIP: os_prod 16.03.2026 08-19.zip (13.97 MB)
📁 Caminho ZIP: C:\Users\guarino.silva\Documents\Maestro\src\temp\download_os\os_prod 16.03.2026 08-19.zip
📄 Log salvo em: C:\Users\guarino.silva\Documents\Maestro\src\temp\download_os\download_2026-03-16_08-18-11.log
============================================================
