============================================================
DOWNLOAD DE PDFs - INICIADO
2026-03-12 14:38:17
============================================================

📋 IDs para processar: 5
   • MANTA-30543
   • MANTA-30675
   • MANTA-30691
   • MANTA-30731
   • MANTA-30872

🚀 Iniciando downloads...
============================================================

✅ Card MANTA-30543 (OS 30949): 30949.pdf - 0.98 MB
✅ Card MANTA-30675 (OS 31078): 31078.pdf - 0.96 MB
✅ Card MANTA-30691 (OS 31094): 31094.pdf - 1.57 MB
✅ Card MANTA-30731 (OS 31131): 31131.pdf - 1.01 MB
❌ Card MANTA-30872: OS não encontrada no resumo 'PEDIDO AVULSO DE XC60'

============================================================
CONCLUÍDO - 2026-03-12 14:38:33
============================================================
✅ Baixados: 4/5
❌ Erros/Ignorados: 1
💾 Total: 4.53 MB
📁 Pasta PDFs: C:\Users\guarino.silva\Documents\Maestro\src\downloads_ops\pdfs
📦 ZIP: os_prod 12.03.2026 14-38.zip (4.08 MB)
📁 Caminho ZIP: C:\Users\guarino.silva\Documents\Maestro\src\temp\download_os\os_prod 12.03.2026 14-38.zip
📄 Log salvo em: C:\Users\guarino.silva\Documents\Maestro\src\temp\download_os\download_2026-03-12_14-38-17.log
============================================================
