============================================================
DOWNLOAD DE PDFs - INICIADO
2026-03-12 15:45:55
============================================================

📋 IDs para processar: 6
   • TENSYLON-823
   • TENSYLON-820
   • TENSYLON-807
   • MANTA-30906
   • MANTA-30872
   • MANTA-30767

🚀 Iniciando downloads...
============================================================

✅ Card TENSYLON-823 (OS 30943): 30943.pdf - 1.03 MB
✅ Card TENSYLON-820 (OS 31088): 31088.pdf - 0.82 MB
✅ Card TENSYLON-807 (OS 30910): 30910.pdf - 0.94 MB
✅ Card MANTA-30906 (OS 28908): 28908 - ASS.pdf - 0.84 MB
❌ Card MANTA-30872: OS não encontrada no resumo 'PEDIDO AVULSO DE XC60'
✅ Card MANTA-30767 (OS 31160): 31160.pdf - 1.00 MB

============================================================
CONCLUÍDO - 2026-03-12 15:46:16
============================================================
✅ Baixados: 5/6
❌ Erros/Ignorados: 1
💾 Total: 4.63 MB
📁 Pasta PDFs: C:\Users\guarino.silva\Documents\Maestro\src\downloads_ops\pdfs
📦 ZIP: os_prod 12.03.2026 15-46.zip (4.34 MB)
📁 Caminho ZIP: C:\Users\guarino.silva\Documents\Maestro\src\temp\download_os\os_prod 12.03.2026 15-46.zip
📄 Log salvo em: C:\Users\guarino.silva\Documents\Maestro\src\temp\download_os\download_2026-03-12_15-45-55.log
============================================================
