============================================================
DOWNLOAD DE PDFs - INICIADO
2026-03-12 11:30:07
============================================================

📋 IDs para processar: 8
   • TENSYLON-825
   • TENSYLON-823
   • TENSYLON-820
   • TENSYLON-807
   • TENSYLON-800
   • TENSYLON-787
   • TENSYLON-745
   • TENSYLON-675

🚀 Iniciando downloads...
============================================================

✅ Card TENSYLON-825 (OS 31131): 31131.pdf - 0.99 MB
✅ Card TENSYLON-823 (OS 30943): 30943.pdf - 1.03 MB
✅ Card TENSYLON-820 (OS 31088): 31088.pdf - 0.82 MB
✅ Card TENSYLON-807 (OS 30910): 30910.pdf - 0.94 MB
✅ Card TENSYLON-800 (OS 30861): 30861.pdf - 0.96 MB
✅ Card TENSYLON-787 (OS 30772): 30772.pdf - 1.01 MB
✅ Card TENSYLON-745 (OS 30529): 30529.pdf - 0.98 MB
✅ Card TENSYLON-675 (OS 30282): 30282.pdf - 0.99 MB

============================================================
CONCLUÍDO - 2026-03-12 11:30:36
============================================================
✅ Baixados: 8/8
💾 Total: 7.71 MB
📁 Pasta PDFs: C:\Users\guarino.silva\Documents\Maestro\src\downloads_ops\pdfs
📦 ZIP: os_prod 12.03.2026 11-30.zip (7.39 MB)
📁 Caminho ZIP: C:\Users\guarino.silva\Documents\Maestro\src\temp\download_os\os_prod 12.03.2026 11-30.zip
📄 Log salvo em: C:\Users\guarino.silva\Documents\Maestro\src\temp\download_os\download_2026-03-12_11-30-07.log
============================================================
