============================================================
DOWNLOAD DE PDFs - INICIADO
2026-03-12 15:05:48
============================================================

📋 IDs para processar: 3
   • TENSYLON-820
   • TENSYLON-807
   • TENSYLON-823

🚀 Iniciando downloads...
============================================================

✅ Card TENSYLON-820 (OS 31088): 31088.pdf - 0.82 MB
✅ Card TENSYLON-807 (OS 30910): 30910.pdf - 0.94 MB
✅ Card TENSYLON-823 (OS 30943): 30943.pdf - 1.03 MB

============================================================
CONCLUÍDO - 2026-03-12 15:05:59
============================================================
✅ Baixados: 3/3
💾 Total: 2.79 MB
📁 Pasta PDFs: C:\Users\guarino.silva\Documents\Maestro\src\downloads_ops\pdfs
📦 ZIP: os_prod 12.03.2026 15-05.zip (2.67 MB)
📁 Caminho ZIP: C:\Users\guarino.silva\Documents\Maestro\src\temp\download_os\os_prod 12.03.2026 15-05.zip
📄 Log salvo em: C:\Users\guarino.silva\Documents\Maestro\src\temp\download_os\download_2026-03-12_15-05-48.log
============================================================
