============================================================
DOWNLOAD DE PDFs - INICIADO
2026-03-17 08:41:40
============================================================

📋 IDs para processar: 3
   • TENSYLON-830
   • TENSYLON-817
   • TENSYLON-673

🚀 Iniciando downloads...
============================================================

✅ Card TENSYLON-830 (OS 31187): OS_31187 (9743cc56-5ab0-4cbb-a9b3-bfdc92e60f5d).pdf - 0.86 MB
✅ Card TENSYLON-817 (OS 30965): 30965.pdf - 1.08 MB
✅ Card TENSYLON-673 (OS 30720): 30720.pdf - 1.01 MB

============================================================
CONCLUÍDO - 2026-03-17 08:41:53
============================================================
✅ Baixados: 3/3
💾 Total: 2.95 MB
📦 ZIP: os_prod 17.03.2026 08-41.zip (2.84 MB)
📁 Caminho ZIP: C:\Users\guarino.silva\Documents\Maestro\v1.0\src\temp\download_ops\zips\os_prod 17.03.2026 08-41.zip
📄 Log salvo em: C:\Users\guarino.silva\Documents\Maestro\v1.0\src\temp\download_ops\logs\download_2026-03-17_08-41-40.log
============================================================
