============================================================
DOWNLOAD DE PDFs - INICIADO
2026-03-17 08:12:31
============================================================

📋 IDs para processar: 18
   • MANTA-30151
   • MANTA-30229
   • MANTA-30297
   • MANTA-30323
   • MANTA-30388
   • MANTA-30392
   • MANTA-30533
   • MANTA-30604
   • MANTA-30618
   • MANTA-30625
   • MANTA-30637
   • MANTA-30660
   • MANTA-30669
   • MANTA-30679
   • MANTA-30709
   • MANTA-30762
   • MANTA-30787
   • MANTA-30803

🚀 Iniciando downloads...
============================================================

✅ Card MANTA-30151 (OS 30596): 30596.pdf - 0.88 MB
✅ Card MANTA-30229 (OS 30662): 30662.pdf - 0.89 MB
✅ Card MANTA-30297 (OS 30723): 30723.pdf - 0.88 MB
✅ Card MANTA-30323 (OS 30749): 30749.pdf - 0.90 MB
✅ Card MANTA-30388 (OS 30801): 30801.pdf - 0.89 MB
✅ Card MANTA-30392 (OS 30805): 30805.pdf - 0.91 MB
✅ Card MANTA-30533 (OS 30941): 30941.pdf - 0.90 MB
✅ Card MANTA-30604 (OS 31008): 31008.pdf - 0.89 MB
✅ Card MANTA-30618 (OS 31024): 31024.pdf - 0.86 MB
✅ Card MANTA-30625 (OS 31031): 31031.pdf - 0.86 MB
✅ Card MANTA-30637 (OS 31042): 31042.pdf - 1.33 MB
✅ Card MANTA-30660 (OS 31063): 31063.pdf - 0.91 MB
✅ Card MANTA-30669 (OS 31072): 31072.pdf - 0.89 MB
✅ Card MANTA-30679 (OS 31082): 31082.pdf - 0.87 MB
✅ Card MANTA-30709 (OS 31111): 31111.pdf - 1.15 MB
✅ Card MANTA-30762 (OS 31156): 31156.pdf - 1.33 MB
✅ Card MANTA-30787 (OS 31173): 31173.pdf - 0.86 MB
✅ Card MANTA-30803 (OS 31187): 31187.pdf - 0.82 MB

============================================================
CONCLUÍDO - 2026-03-17 08:13:45
============================================================
✅ Baixados: 18/18
💾 Total: 17.03 MB
📦 ZIP: os_prod 17.03.2026 08-12.zip (15.08 MB)
📁 Caminho ZIP: C:\Users\guarino.silva\Documents\Maestro\src\temp\download_ops\zips\os_prod 17.03.2026 08-12.zip
📄 Log salvo em: C:\Users\guarino.silva\Documents\Maestro\src\temp\download_ops\logs\download_2026-03-17_08-12-31.log
============================================================
