============================================================
DOWNLOAD DE PDFs - INICIADO
2026-03-16 11:20:27
============================================================

📋 IDs para processar: 4
   • TENSYLON-824
   • TENSYLON-781
   • TENSYLON-740
   • TENSYLON-687

🚀 Iniciando downloads...
============================================================

✅ Card TENSYLON-824 (OS 31111): OS_31111.pdf - 0.96 MB
✅ Card TENSYLON-781 (OS 30749): 30749.pdf - 1.02 MB
✅ Card TENSYLON-740 (OS 30515): 30515.pdf - 1.06 MB
✅ Card TENSYLON-687 (OS 30330): 30330.pdf - 1.00 MB

============================================================
CONCLUÍDO - 2026-03-16 11:20:41
============================================================
✅ Baixados: 4/4
💾 Total: 4.04 MB
📦 ZIP: os_prod 16.03.2026 11-20.zip (3.88 MB)
📁 Caminho ZIP: C:\Users\guarino.silva\Documents\Maestro\src\temp\download_ops\zips\os_prod 16.03.2026 11-20.zip
📄 Log salvo em: C:\Users\guarino.silva\Documents\Maestro\src\temp\download_ops\logs\download_2026-03-16_11-20-27.log
============================================================
