============================================================
DOWNLOAD DE PDFs - INICIADO
2026-03-16 17:32:25
============================================================

📋 IDs para processar: 14
   • MANTA-30505
   • MANTA-30584
   • MANTA-30583
   • MANTA-30581
   • MANTA-30580
   • MANTA-30579
   • MANTA-30577
   • MANTA-30576
   • MANTA-30575
   • MANTA-30571
   • MANTA-30570
   • MANTA-30569
   • MANTA-30512
   • MANTA-30511

🚀 Iniciando downloads...
============================================================

✅ Card MANTA-30505 (OS 30914): 30914.pdf - 0.87 MB
✅ Card MANTA-30584 (OS 30990): 30990.pdf - 0.85 MB
✅ Card MANTA-30583 (OS 30989): 30989.pdf - 0.99 MB
✅ Card MANTA-30581 (OS 30987): 30987.pdf - 0.99 MB
✅ Card MANTA-30580 (OS 30986): 30986.pdf - 0.99 MB
✅ Card MANTA-30579 (OS 30985): 30985.pdf - 0.99 MB
✅ Card MANTA-30577 (OS 30983): 30983.pdf - 0.99 MB
✅ Card MANTA-30576 (OS 30982): 30982.pdf - 0.99 MB
✅ Card MANTA-30575 (OS 30981): 30981.pdf - 0.99 MB
✅ Card MANTA-30571 (OS 30977): 30977.pdf - 0.99 MB
✅ Card MANTA-30570 (OS 30976): 30976.pdf - 0.99 MB
✅ Card MANTA-30569 (OS 30975): 30975.pdf - 0.99 MB
✅ Card MANTA-30512 (OS 30921): 30921.pdf - 0.99 MB
✅ Card MANTA-30511 (OS 30920): 30920.pdf - 0.99 MB

============================================================
CONCLUÍDO - 2026-03-16 17:33:16
============================================================
✅ Baixados: 14/14
💾 Total: 13.57 MB
📦 ZIP: os_prod 16.03.2026 17-32.zip (11.98 MB)
📁 Caminho ZIP: C:\Users\guarino.silva\Documents\Maestro\src\temp\download_ops\zips\os_prod 16.03.2026 17-32.zip
📄 Log salvo em: C:\Users\guarino.silva\Documents\Maestro\src\temp\download_ops\logs\download_2026-03-16_17-32-25.log
============================================================
