============================================================
DOWNLOAD DE PDFs - INICIADO
2026-03-17 12:57:16
============================================================

📋 IDs para processar: 4
   • MANTA-30602
   • MANTA-30600
   • MANTA-30595
   • MANTA-30593

🚀 Iniciando downloads...
============================================================

✅ Card MANTA-30602 (OS 31009): 31009.pdf - 0.87 MB
✅ Card MANTA-30600 (OS 31006): 31006.pdf - 0.87 MB
✅ Card MANTA-30595 (OS 31001): 31001.pdf - 0.99 MB
✅ Card MANTA-30593 (OS 30999): 30999.pdf - 0.99 MB

============================================================
CONCLUÍDO - 2026-03-17 12:57:34
============================================================
✅ Baixados: 4/4
💾 Total: 3.71 MB
📦 ZIP: os_prod 17.03.2026 12-57.zip (3.28 MB)
📁 Caminho ZIP: C:\Users\guarino.silva\Documents\Maestro\v1.0\src\temp\download_ops\zips\os_prod 17.03.2026 12-57.zip
📄 Log salvo em: C:\Users\guarino.silva\Documents\Maestro\v1.0\src\temp\download_ops\logs\download_2026-03-17_12-57-16.log
============================================================
