============================================================
DOWNLOAD DE PDFs - INICIADO
2026-03-13 14:23:51
============================================================

📋 IDs para processar: 9
   • MANTA-30472
   • MANTA-30701
   • MANTA-30641
   • MANTA-30705
   • MANTA-30706
   • MANTA-30403
   • MANTA-30794
   • MANTA-30640
   • MANTA-30906

🚀 Iniciando downloads...
============================================================

✅ Card MANTA-30472 (OS 30885): 30885.pdf - 1.01 MB
❌ Card MANTA-30701 (OS 31104): PDF não encontrado nos anexos
✅ Card MANTA-30641 (OS 31046): 31046.pdf - 0.91 MB
✅ Card MANTA-30705 (OS 31108): 31108.pdf - 0.80 MB
✅ Card MANTA-30706 (OS 30943): 30943.pdf - 1.01 MB
