============================================================
DOWNLOAD DE PDFs - INICIADO
2026-03-13 14:24:21
============================================================

📋 IDs para processar: 7
   • MANTA-30472
   • MANTA-30641
   • MANTA-30705
   • MANTA-30706
   • MANTA-30403
   • MANTA-30794
   • MANTA-30906

🚀 Iniciando downloads...
============================================================

✅ Card MANTA-30472 (OS 30885): 30885.pdf - 1.01 MB
✅ Card MANTA-30641 (OS 31046): 31046.pdf - 0.91 MB
✅ Card MANTA-30705 (OS 31108): 31108.pdf - 0.80 MB
✅ Card MANTA-30706 (OS 30943): 30943.pdf - 1.01 MB
✅ Card MANTA-30403 (OS 30816): 30816.pdf - 0.87 MB
✅ Card MANTA-30794 (OS 31179): 31179.pdf - 0.86 MB
✅ Card MANTA-30906 (OS 28908): 28908 - ASS.pdf - 0.84 MB

============================================================
CONCLUÍDO - 2026-03-13 14:24:47
============================================================
✅ Baixados: 7/7
💾 Total: 6.31 MB
📁 Pasta PDFs: C:\Users\guarino.silva\Documents\Maestro\src\downloads_ops\pdfs
📦 ZIP: os_prod 13.03.2026 14-24.zip (5.62 MB)
📁 Caminho ZIP: C:\Users\guarino.silva\Documents\Maestro\src\temp\download_os\os_prod 13.03.2026 14-24.zip
📄 Log salvo em: C:\Users\guarino.silva\Documents\Maestro\src\temp\download_os\download_2026-03-13_14-24-21.log
============================================================
