============================================================
EXPORTAÇÃO DE CARTÕES JIRA - INICIADO
2026-03-17 07:15:50
============================================================

📊 Filtro JQL aplicado:
(project = MANTA AND status IN ("A Produzir", "Liberado Engenharia")) OR (project = TENSYLON AND status IN ("A Produzir", "Liberado Engenharia", "Aguardando Acabamento", "Aguardando Autoclave", "Aguardando Corte", "Aguardando montagem"))

============================================================

📄 Página processada: 46 cartões coletados
📄 Página processada: 107 cartões coletados

✅ Total de cartões coletados: 107

============================================================

📝 Criando arquivo Excel...
🔗 Hyperlinks adicionados na coluna 'Chave'
💾 Arquivo salvo: src\temp\jira_cards\relatorios\jira_cards 17.03.2026 07.15.xlsx

============================================================
CONCLUÍDO - 2026-03-17 07:15:52
============================================================
✅ Total de cartões exportados: 107
📁 Arquivo Excel: C:\Users\guarino.silva\Documents\Maestro\src\temp\jira_cards\relatorios\jira_cards 17.03.2026 07.15.xlsx
📄 Log salvo em: C:\Users\guarino.silva\Documents\Maestro\src\temp\jira_cards\logs\jira_cards_2026-03-17_07-15-50.log
============================================================
