============================================================
EXPORTAÇÃO DE CARTÕES JIRA - INICIADO
2026-03-16 15:40:11
============================================================

📊 Filtro JQL aplicado:
(project = MANTA AND status IN ("A Produzir", "Liberado Engenharia")) OR (project = TENSYLON AND status IN ("A Produzir", "Liberado Engenharia", "Aguardando Acabamento", "Aguardando Autoclave", "Aguardando Corte", "Aguardando montagem"))

============================================================

📄 Página processada: 50 cartões coletados
📄 Página processada: 114 cartões coletados
📄 Página processada: 119 cartões coletados

✅ Total de cartões coletados: 119

============================================================

📝 Criando arquivo Excel...
🔗 Hyperlinks adicionados na coluna 'Chave'
💾 Arquivo salvo: src\temp\jira_cards\relatorios\jira_cards 16.03.2026 15.40.xlsx

============================================================
CONCLUÍDO - 2026-03-16 15:40:15
============================================================
✅ Total de cartões exportados: 119
📁 Arquivo Excel: C:\Users\guarino.silva\Documents\Maestro\src\temp\jira_cards\relatorios\jira_cards 16.03.2026 15.40.xlsx
📄 Log salvo em: C:\Users\guarino.silva\Documents\Maestro\src\temp\jira_cards\logs\jira_cards_2026-03-16_15-40-11.log
============================================================
