============================================================
EXPORTAÇÃO DE CARTÕES JIRA - INICIADO
2026-03-17 08:40:41
============================================================

📊 Filtro JQL aplicado:
(project = MANTA AND status IN ("A Produzir", "Liberado Engenharia")) OR (project = TENSYLON AND status IN ("A Produzir", "Liberado Engenharia", "Aguardando Acabamento", "Aguardando Autoclave", "Aguardando Corte", "Aguardando montagem"))

============================================================

📄 Página processada: 46 cartões coletados
📄 Página processada: 105 cartões coletados

✅ Total de cartões coletados: 105

============================================================

📝 Criando arquivo Excel...
🔗 Hyperlinks adicionados na coluna 'Chave'
💾 Arquivo salvo: src\temp\jira_cards\relatorios\jira_cards 17.03.2026 08.40.xlsx

============================================================
CONCLUÍDO - 2026-03-17 08:40:43
============================================================
✅ Total de cartões exportados: 105
📁 Arquivo Excel: C:\Users\guarino.silva\Documents\Maestro\v1.0\src\temp\jira_cards\relatorios\jira_cards 17.03.2026 08.40.xlsx
📄 Log salvo em: C:\Users\guarino.silva\Documents\Maestro\v1.0\src\temp\jira_cards\logs\jira_cards_2026-03-17_08-40-41.log
============================================================
