============================================================
EXPORTAÇÃO DE CARTÕES JIRA - INICIADO
2026-03-16 17:24:31
============================================================

📊 Filtro JQL aplicado:
(project = MANTA AND status IN ("A Produzir", "Liberado Engenharia")) OR (project = TENSYLON AND status IN ("A Produzir", "Liberado Engenharia", "Aguardando Acabamento", "Aguardando Autoclave", "Aguardando Corte", "Aguardando montagem"))

============================================================

📄 Página processada: 44 cartões coletados
📄 Página processada: 114 cartões coletados
📄 Página processada: 120 cartões coletados

✅ Total de cartões coletados: 120

============================================================

📝 Criando arquivo Excel...
🔗 Hyperlinks adicionados na coluna 'Chave'
💾 Arquivo salvo: src\temp\jira_cards\relatorios\jira_cards 16.03.2026 17.24.xlsx

============================================================
CONCLUÍDO - 2026-03-16 17:24:34
============================================================
✅ Total de cartões exportados: 120
📁 Arquivo Excel: C:\Users\guarino.silva\Documents\Maestro\src\temp\jira_cards\relatorios\jira_cards 16.03.2026 17.24.xlsx
📄 Log salvo em: C:\Users\guarino.silva\Documents\Maestro\src\temp\jira_cards\logs\jira_cards_2026-03-16_17-24-31.log
============================================================
