============================================================
EXPORTAÇÃO DE CARTÕES JIRA - INICIADO
2026-03-17 08:54:45
============================================================

📊 Filtro JQL aplicado:
(project = MANTA AND status IN ("A Produzir", "Liberado Engenharia")) OR (project = TENSYLON AND status IN ("A Produzir", "Liberado Engenharia", "Aguardando Acabamento", "Aguardando Autoclave", "Aguardando Corte", "Aguardando montagem"))

============================================================

📄 Página processada: 46 cartões coletados
📄 Página processada: 104 cartões coletados

✅ Total de cartões coletados: 104

============================================================

📝 Criando arquivo Excel...
🔗 Hyperlinks adicionados na coluna 'Chave'
💾 Arquivo salvo: src\temp\jira_cards\relatorios\jira_cards 17.03.2026 08.54.xlsx

============================================================
CONCLUÍDO - 2026-03-17 08:54:47
============================================================
✅ Total de cartões exportados: 104
📁 Arquivo Excel: C:\Users\guarino.silva\Documents\Maestro\v1.0\src\temp\jira_cards\relatorios\jira_cards 17.03.2026 08.54.xlsx
📄 Log salvo em: C:\Users\guarino.silva\Documents\Maestro\v1.0\src\temp\jira_cards\logs\jira_cards_2026-03-17_08-54-45.log
============================================================
