============================================================
EXPORTAÇÃO DE CARTÕES JIRA - INICIADO
2026-03-17 12:55:03
============================================================

📊 Filtro JQL aplicado:
(project = MANTA AND status IN ("A Produzir", "Liberado Engenharia")) OR (project = TENSYLON AND status IN ("A Produzir", "Liberado Engenharia", "Aguardando Acabamento", "Aguardando Autoclave", "Aguardando Corte", "Aguardando montagem"))

============================================================

📄 Página processada: 47 cartões coletados
📄 Página processada: 100 cartões coletados

✅ Total de cartões coletados: 100

============================================================

📝 Criando arquivo Excel...
🔗 Hyperlinks adicionados na coluna 'Chave'
💾 Arquivo salvo: src\temp\jira_cards\relatorios\jira_cards 17.03.2026 12.55.xlsx

============================================================
CONCLUÍDO - 2026-03-17 12:55:06
============================================================
✅ Total de cartões exportados: 100
📁 Arquivo Excel: C:\Users\guarino.silva\Documents\Maestro\v1.0\src\temp\jira_cards\relatorios\jira_cards 17.03.2026 12.55.xlsx
📄 Log salvo em: C:\Users\guarino.silva\Documents\Maestro\v1.0\src\temp\jira_cards\logs\jira_cards_2026-03-17_12-55-03.log
============================================================
