============================================================
DOWNLOAD DE PDFs - INICIADO
2026-03-16 10:06:14
============================================================

📋 IDs para processar: 4
   • MANTA-30768
   • MANTA-30767
   • MANTA-30766
   • MANTA-30765

🚀 Iniciando downloads...
============================================================

✅ Card MANTA-30768 (OS 31161): 31161.pdf - 0.87 MB
✅ Card MANTA-30767 (OS 31160): 31160.pdf - 1.00 MB
✅ Card MANTA-30766 (OS 31159): 31159.pdf - 1.00 MB
✅ Card MANTA-30765 (OS 31158): 31158.pdf - 0.99 MB

============================================================
CONCLUÍDO - 2026-03-16 10:06:29
============================================================
✅ Baixados: 4/4
💾 Total: 3.86 MB
📁 Pasta PDFs: C:\Users\guarino.silva\Documents\Maestro\src\temp\download_ops\pdfs
📦 ZIP: os_prod 16.03.2026 10-06.zip (3.43 MB)
📁 Caminho ZIP: C:\Users\guarino.silva\Documents\Maestro\src\temp\download_ops\zips\os_prod 16.03.2026 10-06.zip
📄 Log salvo em: C:\Users\guarino.silva\Documents\Maestro\src\temp\download_ops\logs\download_2026-03-16_10-06-14.log
============================================================
